[2025-10-20T19:26:23.531Z] [SUCCESS] Command completed successfully
[2025-10-20T19:26:23.956Z] [SUCCESS] Command completed successfully
[2025-10-20T19:26:32.495Z] [INFO] Executing safe command: kubectl delete namespace client-derakhshan
[2025-10-20T19:26:53.679Z] [INFO] Executing command: kubectl get namespaces -o json
[2025-10-20T19:26:55.316Z] [SUCCESS] Command completed successfully
[2025-10-20T19:26:55.329Z] [INFO] Executing command: kubectl get pods -n client-derakhshan -o json
[2025-10-20T19:26:57.155Z] [SUCCESS] Command completed successfully
[2025-10-20T19:29:28.449Z] [INFO] Executing command: kubectl get namespaces -o json
[2025-10-20T19:29:31.465Z] [SUCCESS] Command completed successfully
[2025-10-20T19:38:19.199Z] [INFO] Creating new client: deri
[2025-10-20T19:38:20.242Z] [ERROR] Error deploying client: Command failed: powershell -ExecutionPolicy Bypass -File "k8s/new-client.ps1" -ClientId "deri"
The argument 'k8s/new-client.ps1' to the -File parameter does not exist. Provide the path to an existing '.ps1' file as an argument to the -File parameter.

[2025-10-20T19:38:20.244Z] [ERROR] Command output: Windows PowerShell
Copyright (C) Microsoft Corporation. All rights reserved.

Install the latest PowerShell for new features and improvements! https://aka.ms/PSWindows

The argument 'k8s/new-client.ps1' to the -File parameter does not exist. Provide the path to an existing '.ps1' file as an argument to the -File parameter.

[2025-10-20T19:38:38.284Z] [INFO] Executing command: kubectl get namespaces -o json
[2025-10-20T19:38:41.590Z] [SUCCESS] Command completed successfully
[2025-10-20T20:15:10.552Z] [INFO] Creating new client: deri
[2025-10-20T20:21:10.009Z] [ERROR] new-client.ps1 not found at D:\GitHub\Delivery-Piplines\Dashboard\k8s\new-client.ps1
[2025-10-20T20:26:09.407Z] [INFO] Creating new client: deri
[2025-10-20T20:26:09.410Z] [ERROR] new-client.ps1 not found at D:\GitHub\Delivery-Piplines\Dashboard\k8s\new-client.ps1
[2025-10-20T20:30:09.984Z] [INFO] Creating new client: deri
[2025-10-20T20:30:09.991Z] [ERROR] new-client.ps1 not found at D:\GitHub\Delivery-Piplines\Dashboard\k8s\new-client.ps1
[2025-10-20T20:36:20.848Z] [INFO] Creating new client: bill
[2025-10-20T20:36:20.852Z] [ERROR] new-client.ps1 not found at D:\GitHub\Delivery-Piplines\Dashboard\k8s\new-client.ps1
[2025-10-20T20:43:05.456Z] [INFO] Creating new client: momo
[2025-10-20T20:43:05.459Z] [ERROR] new-client.ps1 not found at D:\GitHub\Delivery-Piplines\Dashboard\k8s\new-client.ps1
[2025-10-20T20:48:15.761Z] [INFO] Creating new client: niki
[2025-10-20T20:48:15.764Z] [ERROR] new-client.ps1 not found at D:\GitHub\Delivery-Piplines\Dashboard\k8s\new-client.ps1
